#
# There is insufficient memory for the Java Runtime Environment to continue.
# Native memory allocation (malloc) failed to allocate 32744 bytes for ChunkPool::allocate
# Possible reasons:
#   The system is out of physical RAM or swap space
#   The process is running with CompressedOops enabled, and the Java Heap may be blocking the growth of the native heap
# Possible solutions:
#   Reduce memory load on the system
#   Increase physical memory or swap space
#   Check if swap backing store is full
#   Decrease Java heap size (-Xmx/-Xms)
#   Decrease number of Java threads
#   Decrease Java thread stack sizes (-Xss)
#   Set larger code cache with -XX:ReservedCodeCacheSize=
#   JVM is running with Unscaled Compressed Oops mode in which the Java heap is
#     placed in the first 4GB address space. The Java Heap base address is the
#     maximum limit for the native heap growth. Please use -XX:HeapBaseMinAddress
#     to set the Java Heap base and to place the Java Heap above 4GB virtual address.
# This output file may be truncated or incomplete.
#
#  Out of Memory Error (allocation.cpp:273), pid=4244, tid=0x000000000000201c
#
# JRE version: Java(TM) SE Runtime Environment (8.0_201-b09) (build 1.8.0_201-b09)
# Java VM: Java HotSpot(TM) 64-Bit Server VM (25.201-b09 mixed mode windows-amd64 compressed oops)
# Failed to write core dump. Minidumps are not enabled by default on client versions of Windows
#

---------------  T H R E A D  ---------------

Current thread (0x00000000177d7800):  JavaThread "C1 CompilerThread2" daemon [_thread_in_native, id=8220, stack(0x0000000019040000,0x0000000019140000)]

Stack: [0x0000000019040000,0x0000000019140000]
[error occurred during error reporting (printing stack bounds), id 0xc0000005]

Native frames: (J=compiled Java code, j=interpreted, Vv=VM code, C=native code)


Current CompileTask:
C1:   3834 2103       3       org.apache.maven.model.validation.DefaultModelValidator::validateEffectiveDependency (732 bytes)


---------------  P R O C E S S  ---------------

Java Threads: ( => current thread )
  0x000000001916b000 JavaThread "Service Thread" daemon [_thread_blocked, id=8148, stack(0x0000000019540000,0x0000000019640000)]
=>0x00000000177d7800 JavaThread "C1 CompilerThread2" daemon [_thread_in_native, id=8220, stack(0x0000000019040000,0x0000000019140000)]
  0x00000000177d1000 JavaThread "C2 CompilerThread1" daemon [_thread_in_native, id=300, stack(0x0000000018f40000,0x0000000019040000)]
  0x00000000177c9000 JavaThread "C2 CompilerThread0" daemon [_thread_in_native, id=10956, stack(0x0000000018e40000,0x0000000018f40000)]
  0x00000000177c7800 JavaThread "Attach Listener" daemon [_thread_blocked, id=4672, stack(0x0000000018d40000,0x0000000018e40000)]
  0x00000000177c4000 JavaThread "Signal Dispatcher" daemon [_thread_blocked, id=2768, stack(0x0000000018c40000,0x0000000018d40000)]
  0x0000000002c8d000 JavaThread "Finalizer" daemon [_thread_blocked, id=10336, stack(0x0000000018a20000,0x0000000018b20000)]
  0x00000000177aa000 JavaThread "Reference Handler" daemon [_thread_blocked, id=1504, stack(0x0000000018920000,0x0000000018a20000)]
  0x0000000002b8e800 JavaThread "main" [_thread_in_native, id=8668, stack(0x00000000029e0000,0x0000000002ae0000)]

Other Threads:
  0x0000000017787800 VMThread [stack: 0x0000000018820000,0x0000000018920000] [id=10076]
  0x000000001918e000 WatcherThread [stack: 0x0000000019640000,0x0000000019740000] [id=7384]

VM state:not at safepoint (normal execution)

VM Mutex/Monitor currently owned by a thread: None

heap address: 0x0000000081c00000, size: 2020 MB, Compressed Oops mode: 32-bit
Narrow klass base: 0x0000000000000000, Narrow klass shift: 3
Compressed class space size: 1073741824 Address: 0x0000000100000000

Heap:
 PSYoungGen      total 38400K, used 11197K [0x00000000d5f00000, 0x00000000d8980000, 0x0000000100000000)
  eden space 33280K, 18% used [0x00000000d5f00000,0x00000000d64f7740,0x00000000d7f80000)
  from space 5120K, 99% used [0x00000000d7f80000,0x00000000d8478020,0x00000000d8480000)
  to   space 5120K, 0% used [0x00000000d8480000,0x00000000d8480000,0x00000000d8980000)
 ParOldGen       total 87552K, used 4213K [0x0000000081c00000, 0x0000000087180000, 0x00000000d5f00000)
  object space 87552K, 4% used [0x0000000081c00000,0x000000008201d548,0x0000000087180000)
 Metaspace       used 15600K, capacity 15922K, committed 16128K, reserved 1062912K
  class space    used 1905K, capacity 1985K, committed 2048K, reserved 1048576K

Card table byte_map: [0x0000000012050000,0x0000000012450000] byte_map_base: 0x0000000011c42000

Marking Bits: (ParMarkBitMap*) 0x0000000062c84ce0
 Begin Bits: [0x0000000012b00000, 0x0000000014a90000)
 End Bits:   [0x0000000014a90000, 0x0000000016a20000)

Polling page: 0x0000000001130000

CodeCache: size=245760Kb used=6973Kb max_used=6978Kb free=238786Kb
 bounds [0x0000000002c90000, 0x0000000003370000, 0x0000000011c90000]
 total_blobs=2454 nmethods=2093 adapters=273
 compilation: enabled

Compilation events (10 events):
Event: 3.807 Thread 0x00000000177d7800 nmethod 2098 0x00000000033631d0 code [0x0000000003363380, 0x0000000003363728]
Event: 3.807 Thread 0x00000000177d7800 2099       3       java.util.HashMap::putAll (7 bytes)
Event: 3.807 Thread 0x00000000177d7800 nmethod 2099 0x0000000003362dd0 code [0x0000000003362f40, 0x0000000003363148]
Event: 3.807 Thread 0x00000000177d7800 2100       1       org.apache.maven.model.Build::getOutputDirectory (5 bytes)
Event: 3.807 Thread 0x00000000177d7800 nmethod 2100 0x000000000335f710 code [0x000000000335f860, 0x000000000335f970]
Event: 3.807 Thread 0x00000000177d7800 2101       1       org.apache.maven.model.Build::getTestOutputDirectory (5 bytes)
Event: 3.807 Thread 0x00000000177d7800 nmethod 2101 0x0000000003362b10 code [0x0000000003362c60, 0x0000000003362d70]
Event: 3.807 Thread 0x00000000177d7800 2102       1       org.apache.maven.model.RepositoryBase::getName (5 bytes)
Event: 3.807 Thread 0x00000000177d7800 nmethod 2102 0x0000000003362850 code [0x00000000033629a0, 0x0000000003362ab0]
Event: 3.808 Thread 0x00000000177d7800 2103       3       org.apache.maven.model.validation.DefaultModelValidator::validateEffectiveDependency (732 bytes)

GC Heap History (6 events):
Event: 1.458 GC heap before
{Heap before GC invocations=1 (full 0):
 PSYoungGen      total 38400K, used 33280K [0x00000000d5f00000, 0x00000000d8980000, 0x0000000100000000)
  eden space 33280K, 100% used [0x00000000d5f00000,0x00000000d7f80000,0x00000000d7f80000)
  from space 5120K, 0% used [0x00000000d8480000,0x00000000d8480000,0x00000000d8980000)
  to   space 5120K, 0% used [0x00000000d7f80000,0x00000000d7f80000,0x00000000d8480000)
 ParOldGen       total 87552K, used 0K [0x0000000081c00000, 0x0000000087180000, 0x00000000d5f00000)
  object space 87552K, 0% used [0x0000000081c00000,0x0000000081c00000,0x0000000087180000)
 Metaspace       used 8097K, capacity 8296K, committed 8576K, reserved 1056768K
  class space    used 993K, capacity 1084K, committed 1152K, reserved 1048576K
Event: 1.468 GC heap after
Heap after GC invocations=1 (full 0):
 PSYoungGen      total 38400K, used 5117K [0x00000000d5f00000, 0x00000000d8980000, 0x0000000100000000)
  eden space 33280K, 0% used [0x00000000d5f00000,0x00000000d5f00000,0x00000000d7f80000)
  from space 5120K, 99% used [0x00000000d7f80000,0x00000000d847f778,0x00000000d8480000)
  to   space 5120K, 0% used [0x00000000d8480000,0x00000000d8480000,0x00000000d8980000)
 ParOldGen       total 87552K, used 37K [0x0000000081c00000, 0x0000000087180000, 0x00000000d5f00000)
  object space 87552K, 0% used [0x0000000081c00000,0x0000000081c094e0,0x0000000087180000)
 Metaspace       used 8097K, capacity 8296K, committed 8576K, reserved 1056768K
  class space    used 993K, capacity 1084K, committed 1152K, reserved 1048576K
}
Event: 2.341 GC heap before
{Heap before GC invocations=2 (full 0):
 PSYoungGen      total 38400K, used 38397K [0x00000000d5f00000, 0x00000000d8980000, 0x0000000100000000)
  eden space 33280K, 100% used [0x00000000d5f00000,0x00000000d7f80000,0x00000000d7f80000)
  from space 5120K, 99% used [0x00000000d7f80000,0x00000000d847f778,0x00000000d8480000)
  to   space 5120K, 0% used [0x00000000d8480000,0x00000000d8480000,0x00000000d8980000)
 ParOldGen       total 87552K, used 37K [0x0000000081c00000, 0x0000000087180000, 0x00000000d5f00000)
  object space 87552K, 0% used [0x0000000081c00000,0x0000000081c094e0,0x0000000087180000)
 Metaspace       used 11660K, capacity 11924K, committed 12160K, reserved 1060864K
  class space    used 1445K, capacity 1544K, committed 1664K, reserved 1048576K
Event: 2.351 GC heap after
Heap after GC invocations=2 (full 0):
 PSYoungGen      total 38400K, used 5089K [0x00000000d5f00000, 0x00000000d8980000, 0x0000000100000000)
  eden space 33280K, 0% used [0x00000000d5f00000,0x00000000d5f00000,0x00000000d7f80000)
  from space 5120K, 99% used [0x00000000d8480000,0x00000000d89786e8,0x00000000d8980000)
  to   space 5120K, 0% used [0x00000000d7f80000,0x00000000d7f80000,0x00000000d8480000)
 ParOldGen       total 87552K, used 1864K [0x0000000081c00000, 0x0000000087180000, 0x00000000d5f00000)
  object space 87552K, 2% used [0x0000000081c00000,0x0000000081dd2038,0x0000000087180000)
 Metaspace       used 11660K, capacity 11924K, committed 12160K, reserved 1060864K
  class space    used 1445K, capacity 1544K, committed 1664K, reserved 1048576K
}
Event: 3.662 GC heap before
{Heap before GC invocations=3 (full 0):
 PSYoungGen      total 38400K, used 38369K [0x00000000d5f00000, 0x00000000d8980000, 0x0000000100000000)
  eden space 33280K, 100% used [0x00000000d5f00000,0x00000000d7f80000,0x00000000d7f80000)
  from space 5120K, 99% used [0x00000000d8480000,0x00000000d89786e8,0x00000000d8980000)
  to   space 5120K, 0% used [0x00000000d7f80000,0x00000000d7f80000,0x00000000d8480000)
 ParOldGen       total 87552K, used 1864K [0x0000000081c00000, 0x0000000087180000, 0x00000000d5f00000)
  object space 87552K, 2% used [0x0000000081c00000,0x0000000081dd2038,0x0000000087180000)
 Metaspace       used 15473K, capacity 15784K, committed 16128K, reserved 1062912K
  class space    used 1893K, capacity 1980K, committed 2048K, reserved 1048576K
Event: 3.680 GC heap after
Heap after GC invocations=3 (full 0):
 PSYoungGen      total 38400K, used 5088K [0x00000000d5f00000, 0x00000000d8980000, 0x0000000100000000)
  eden space 33280K, 0% used [0x00000000d5f00000,0x00000000d5f00000,0x00000000d7f80000)
  from space 5120K, 99% used [0x00000000d7f80000,0x00000000d8478020,0x00000000d8480000)
  to   space 5120K, 0% used [0x00000000d8480000,0x00000000d8480000,0x00000000d8980000)
 ParOldGen       total 87552K, used 4213K [0x0000000081c00000, 0x0000000087180000, 0x00000000d5f00000)
  object space 87552K, 4% used [0x0000000081c00000,0x000000008201d548,0x0000000087180000)
 Metaspace       used 15473K, capacity 15784K, committed 16128K, reserved 1062912K
  class space    used 1893K, capacity 1980K, committed 2048K, reserved 1048576K
}

Deoptimization events (10 events):
Event: 3.331 Thread 0x0000000002b8e800 Uncommon trap: reason=bimorphic action=maybe_recompile pc=0x0000000003241650 method=java.util.regex.Pattern$CharProperty.match(Ljava/util/regex/Matcher;ILjava/lang/CharSequence;)Z @ 37
Event: 3.332 Thread 0x0000000002b8e800 Uncommon trap: reason=bimorphic action=maybe_recompile pc=0x0000000003241650 method=java.util.regex.Pattern$CharProperty.match(Ljava/util/regex/Matcher;ILjava/lang/CharSequence;)Z @ 37
Event: 3.345 Thread 0x0000000002b8e800 Uncommon trap: reason=bimorphic action=maybe_recompile pc=0x0000000003241650 method=java.util.regex.Pattern$CharProperty.match(Ljava/util/regex/Matcher;ILjava/lang/CharSequence;)Z @ 37
Event: 3.345 Thread 0x0000000002b8e800 Uncommon trap: reason=bimorphic action=maybe_recompile pc=0x0000000003241650 method=java.util.regex.Pattern$CharProperty.match(Ljava/util/regex/Matcher;ILjava/lang/CharSequence;)Z @ 37
Event: 3.353 Thread 0x0000000002b8e800 Uncommon trap: reason=unstable_if action=reinterpret pc=0x0000000002eff9c4 method=sun.nio.cs.UTF_8$Decoder.decode([BII[C)I @ 30
Event: 3.353 Thread 0x0000000002b8e800 Uncommon trap: reason=unstable_if action=reinterpret pc=0x0000000002f492d4 method=sun.nio.cs.UTF_8$Decoder.decodeArrayLoop(Ljava/nio/ByteBuffer;Ljava/nio/CharBuffer;)Ljava/nio/charset/CoderResult; @ 84
Event: 3.396 Thread 0x0000000002b8e800 Uncommon trap: reason=unstable_if action=reinterpret pc=0x00000000030784b4 method=java.util.HashMap.hash(Ljava/lang/Object;)I @ 1
Event: 3.396 Thread 0x0000000002b8e800 Uncommon trap: reason=unstable_if action=reinterpret pc=0x00000000030442a8 method=java.util.HashMap.hash(Ljava/lang/Object;)I @ 1
Event: 3.460 Thread 0x0000000002b8e800 Uncommon trap: reason=unstable_if action=reinterpret pc=0x00000000032b7450 method=org.codehaus.plexus.util.xml.pull.MXParser.nextImpl()I @ 1161
Event: 3.601 Thread 0x0000000002b8e800 Uncommon trap: reason=unstable_if action=reinterpret pc=0x0000000003255edc method=sun.net.www.protocol.jar.Handler.parseURL(Ljava/net/URL;Ljava/lang/String;II)V @ 94

Classes redefined (0 events):
No events

Internal exceptions (10 events):
Event: 2.900 Thread 0x0000000002b8e800 Exception <a 'java/lang/NullPointerException'> (0x00000000d6cc3700) thrown at [C:\re\workspace\8-2-build-windows-amd64-cygwin\jdk8u201\12322\hotspot\src\share\vm\interpreter\linkResolver.cpp, line 1185]
Event: 2.900 Thread 0x0000000002b8e800 Exception <a 'java/lang/NullPointerException'> (0x00000000d6cc3918) thrown at [C:\re\workspace\8-2-build-windows-amd64-cygwin\jdk8u201\12322\hotspot\src\share\vm\interpreter\linkResolver.cpp, line 1185]
Event: 2.900 Thread 0x0000000002b8e800 Exception <a 'java/lang/NullPointerException'> (0x00000000d6cc3b30) thrown at [C:\re\workspace\8-2-build-windows-amd64-cygwin\jdk8u201\12322\hotspot\src\share\vm\interpreter\linkResolver.cpp, line 1185]
Event: 2.901 Thread 0x0000000002b8e800 Exception <a 'java/lang/NullPointerException'> (0x00000000d6ccc2a8) thrown at [C:\re\workspace\8-2-build-windows-amd64-cygwin\jdk8u201\12322\hotspot\src\share\vm\interpreter\linkResolver.cpp, line 1185]
Event: 2.901 Thread 0x0000000002b8e800 Exception <a 'java/lang/NullPointerException'> (0x00000000d6ccc4c0) thrown at [C:\re\workspace\8-2-build-windows-amd64-cygwin\jdk8u201\12322\hotspot\src\share\vm\interpreter\linkResolver.cpp, line 1185]
Event: 2.901 Thread 0x0000000002b8e800 Exception <a 'java/lang/NullPointerException'> (0x00000000d6ccc6d8) thrown at [C:\re\workspace\8-2-build-windows-amd64-cygwin\jdk8u201\12322\hotspot\src\share\vm\interpreter\linkResolver.cpp, line 1185]
Event: 3.092 Thread 0x0000000002b8e800 Implicit null exception at 0x0000000002fab816 to 0x0000000002fabbb1
Event: 3.092 Thread 0x0000000002b8e800 Implicit null exception at 0x0000000002e88ad6 to 0x0000000002e88e6d
Event: 3.396 Thread 0x0000000002b8e800 Implicit null exception at 0x00000000030782d5 to 0x00000000030784a5
Event: 3.396 Thread 0x0000000002b8e800 Implicit null exception at 0x000000000304422f to 0x0000000003044299

Events (10 events):
Event: 3.706 loading class org/apache/maven/plugin/clean/Cleaner$3
Event: 3.706 loading class org/apache/maven/plugin/clean/Cleaner$3 done
Event: 3.706 loading class org/apache/maven/plugin/clean/Cleaner$3
Event: 3.706 loading class org/apache/maven/plugin/clean/Cleaner$3 done
Event: 3.706 loading class org/apache/maven/plugin/clean/Cleaner$3
Event: 3.706 loading class org/apache/maven/plugin/clean/Cleaner$3 done
Event: 3.733 Thread 0x0000000002b8e800 DEOPT PACKING pc=0x000000000329b69a sp=0x0000000002adcdc0
Event: 3.734 Thread 0x0000000002b8e800 DEOPT UNPACKING pc=0x0000000002cd7890 sp=0x0000000002adcc40 mode 0
Event: 3.783 Thread 0x0000000002b8e800 DEOPT PACKING pc=0x000000000329b69a sp=0x0000000002adc3a0
Event: 3.783 Thread 0x0000000002b8e800 DEOPT UNPACKING pc=0x0000000002cd7890 sp=0x0000000002adc220 mode 0


Dynamic libraries:
0x00007ff70b4e0000 - 0x00007ff70b517000 	C:\Program Files\Java\jdk1.8.0_201\bin\java.exe
0x00007fff3a4c0000 - 0x00007fff3a6b0000 	C:\Windows\SYSTEM32\ntdll.dll
0x00007fff394e0000 - 0x00007fff39592000 	C:\Windows\System32\KERNEL32.DLL
0x00007fff37d30000 - 0x00007fff37fd3000 	C:\Windows\System32\KERNELBASE.dll
0x00007fff39bb0000 - 0x00007fff39c53000 	C:\Windows\System32\ADVAPI32.dll
0x00007fff39240000 - 0x00007fff392de000 	C:\Windows\System32\msvcrt.dll
0x00007fff392e0000 - 0x00007fff39377000 	C:\Windows\System32\sechost.dll
0x00007fff39a90000 - 0x00007fff39bb0000 	C:\Windows\System32\RPCRT4.dll
0x00007fff388e0000 - 0x00007fff38a73000 	C:\Windows\System32\USER32.dll
0x00007fff37550000 - 0x00007fff37571000 	C:\Windows\System32\win32u.dll
0x00007fff38bf0000 - 0x00007fff38c16000 	C:\Windows\System32\GDI32.dll
0x00007fff383e0000 - 0x00007fff38574000 	C:\Windows\System32\gdi32full.dll
0x00007fff38340000 - 0x00007fff383de000 	C:\Windows\System32\msvcp_win.dll
0x00007fff37450000 - 0x00007fff3754a000 	C:\Windows\System32\ucrtbase.dll
0x00007fff28060000 - 0x00007fff282e5000 	C:\Windows\WinSxS\amd64_microsoft.windows.common-controls_6595b64144ccf1df_6.0.18362.145_none_e6c3ab8b131013d6\COMCTL32.dll
0x00007fff395a0000 - 0x00007fff398d6000 	C:\Windows\System32\combase.dll
0x00007fff38160000 - 0x00007fff381e1000 	C:\Windows\System32\bcryptPrimitives.dll
0x00007fff39200000 - 0x00007fff3922e000 	C:\Windows\System32\IMM32.DLL
0x0000000062d10000 - 0x0000000062de1000 	C:\Program Files\Java\jdk1.8.0_201\jre\bin\msvcr100.dll
0x0000000062460000 - 0x0000000062d04000 	C:\Program Files\Java\jdk1.8.0_201\jre\bin\server\jvm.dll
0x00007fff38580000 - 0x00007fff38588000 	C:\Windows\System32\PSAPI.DLL
0x00007fff34e50000 - 0x00007fff34e74000 	C:\Windows\SYSTEM32\WINMM.dll
0x00007fff2b110000 - 0x00007fff2b11a000 	C:\Windows\SYSTEM32\VERSION.dll
0x00007fff2d9b0000 - 0x00007fff2d9b9000 	C:\Windows\SYSTEM32\WSOCK32.dll
0x00007fff34e20000 - 0x00007fff34e4d000 	C:\Windows\SYSTEM32\winmmbase.dll
0x00007fff3a410000 - 0x00007fff3a47f000 	C:\Windows\System32\WS2_32.dll
0x00007fff38110000 - 0x00007fff3815a000 	C:\Windows\System32\cfgmgr32.dll
0x00007fff34c80000 - 0x00007fff34c8f000 	C:\Program Files\Java\jdk1.8.0_201\jre\bin\verify.dll
0x00007fff303c0000 - 0x00007fff303e9000 	C:\Program Files\Java\jdk1.8.0_201\jre\bin\java.dll
0x00007fff34a00000 - 0x00007fff34a16000 	C:\Program Files\Java\jdk1.8.0_201\jre\bin\zip.dll
0x00007fff39c60000 - 0x00007fff3a340000 	C:\Windows\System32\SHELL32.dll
0x00007fff399e0000 - 0x00007fff39a89000 	C:\Windows\System32\shcore.dll
0x00007fff37580000 - 0x00007fff37cfb000 	C:\Windows\System32\windows.storage.dll
0x00007fff373e0000 - 0x00007fff373ff000 	C:\Windows\System32\profapi.dll
0x00007fff37400000 - 0x00007fff3744a000 	C:\Windows\System32\powrprof.dll
0x00007fff37390000 - 0x00007fff373a0000 	C:\Windows\System32\UMPDC.dll
0x00007fff38a80000 - 0x00007fff38ad2000 	C:\Windows\System32\shlwapi.dll
0x00007fff373a0000 - 0x00007fff373b1000 	C:\Windows\System32\kernel.appcore.dll
0x00007fff380f0000 - 0x00007fff38107000 	C:\Windows\System32\cryptsp.dll
0x00007fff33a50000 - 0x00007fff33a5a000 	C:\apache-maven-3.6.0\lib\jansi-native\windows64\jansi.dll
0x00007fff33720000 - 0x00007fff3373a000 	C:\Program Files\Java\jdk1.8.0_201\jre\bin\net.dll
0x00007fff29bf0000 - 0x00007fff29dc4000 	C:\Windows\SYSTEM32\urlmon.dll
0x00007fff293f0000 - 0x00007fff29696000 	C:\Windows\SYSTEM32\iertutil.dll
0x00007fff36d70000 - 0x00007fff36d7c000 	C:\Windows\SYSTEM32\CRYPTBASE.DLL
0x00007fff36ba0000 - 0x00007fff36c07000 	C:\Windows\system32\mswsock.dll
0x00007fff32920000 - 0x00007fff32931000 	C:\Program Files\Java\jdk1.8.0_201\jre\bin\nio.dll

VM Arguments:
jvm_args: -Dclassworlds.conf=C:\apache-maven-3.6.0\bin\..\bin\m2.conf -Dmaven.home=C:\apache-maven-3.6.0\bin\.. -Dlibrary.jansi.path=C:\apache-maven-3.6.0\bin\..\lib\jansi-native -Dmaven.multiModuleProjectDirectory=C:\Users\Usuario\Documents\semilleroHBT2019-master\ambiente\semillero-hbt 
java_command: org.codehaus.plexus.classworlds.launcher.Launcher clean install
java_class_path (initial): C:\apache-maven-3.6.0\bin\..\boot\plexus-classworlds-2.5.2.jar
Launcher Type: SUN_STANDARD

Environment Variables:
JAVA_HOME=C:\Program Files\Java\jdk1.8.0_201
CLASSPATH=.
PATH=C:\oraclexe\app\oracle\product\11.2.0\server\bin;;C:\Program Files (x86)\Common Files\Oracle\Java\javapath;C:\Python27\;C:\Python27\Scripts;C:\Windows\system32;C:\Windows;C:\Windows\System32\Wbem;C:\Windows\System32\WindowsPowerShell\v1.0\;C:\Windows\System32\OpenSSH\;C:\Program Files\Java\jdk-13.0.1\bin;C:\Program Files\nodejs\;C:\ProgramData\chocolatey\bin;C:\Program Files\Git\cmd;C:\Users\Usuario\AppData\Local\Microsoft\WindowsApps;C:\Users\Usuario\AppData\Local\Programs\Microsoft VS Code\bin;C:\Program Files\Java\jdk1.8.0_201\bin;C:\Users\Usuario\AppData\Roaming\npm;C:\Program Files\heroku\bin;C:\apache-maven-3.6.0\bin
USERNAME=Usuario
OS=Windows_NT
PROCESSOR_IDENTIFIER=Intel64 Family 6 Model 58 Stepping 9, GenuineIntel



---------------  S Y S T E M  ---------------

OS: Windows 10.0 , 64 bit Build 18362 (10.0.18362.86)

CPU:total 4 (initial active 4) (2 cores per cpu, 2 threads per core) family 6 model 58 stepping 9, cmov, cx8, fxsr, mmx, sse, sse2, sse3, ssse3, sse4.1, sse4.2, popcnt, avx, aes, clmul, erms, ht, tsc, tscinvbit, tscinv

Memory: 4k page, physical 8271100k(1069888k free), swap 8271100k(4092k free)

vm_info: Java HotSpot(TM) 64-Bit Server VM (25.201-b09) for windows-amd64 JRE (1.8.0_201-b09), built on Dec 15 2018 18:36:39 by "java_re" with MS VC++ 10.0 (VS2010)

time: Thu Dec 05 11:01:10 2019
timezone: Hora est. Pacífico, Sudamérica
elapsed time: 3 seconds (0d 0h 0m 3s)

