#
# There is insufficient memory for the Java Runtime Environment to continue.
# Native memory allocation (malloc) failed to allocate 165056 bytes for Chunk::new
# Possible reasons:
#   The system is out of physical RAM or swap space
#   The process is running with CompressedOops enabled, and the Java Heap may be blocking the growth of the native heap
# Possible solutions:
#   Reduce memory load on the system
#   Increase physical memory or swap space
#   Check if swap backing store is full
#   Decrease Java heap size (-Xmx/-Xms)
#   Decrease number of Java threads
#   Decrease Java thread stack sizes (-Xss)
#   Set larger code cache with -XX:ReservedCodeCacheSize=
#   JVM is running with Unscaled Compressed Oops mode in which the Java heap is
#     placed in the first 4GB address space. The Java Heap base address is the
#     maximum limit for the native heap growth. Please use -XX:HeapBaseMinAddress
#     to set the Java Heap base and to place the Java Heap above 4GB virtual address.
# This output file may be truncated or incomplete.
#
#  Out of Memory Error (allocation.cpp:390), pid=9108, tid=0x0000000000001394
#
# JRE version: Java(TM) SE Runtime Environment (8.0_201-b09) (build 1.8.0_201-b09)
# Java VM: Java HotSpot(TM) 64-Bit Server VM (25.201-b09 mixed mode windows-amd64 compressed oops)
# Failed to write core dump. Minidumps are not enabled by default on client versions of Windows
#

---------------  T H R E A D  ---------------

Current thread (0x0000000017088000):  JavaThread "C2 CompilerThread0" daemon [_thread_in_native, id=5012, stack(0x0000000018700000,0x0000000018800000)]

Stack: [0x0000000018700000,0x0000000018800000]
[error occurred during error reporting (printing stack bounds), id 0xc0000005]

Native frames: (J=compiled Java code, j=interpreted, Vv=VM code, C=native code)


Current CompileTask:
C2:   1187  583       4       org.codehaus.plexus.util.xml.pull.MXParser::nextImpl (1202 bytes)


---------------  P R O C E S S  ---------------

Java Threads: ( => current thread )
  0x0000000018a3a800 JavaThread "Service Thread" daemon [_thread_blocked, id=8960, stack(0x0000000018e00000,0x0000000018f00000)]
  0x000000001709d800 JavaThread "C1 CompilerThread2" daemon [_thread_blocked, id=11128, stack(0x0000000018900000,0x0000000018a00000)]
  0x000000001708b800 JavaThread "C2 CompilerThread1" daemon [_thread_in_native, id=5332, stack(0x0000000018800000,0x0000000018900000)]
=>0x0000000017088000 JavaThread "C2 CompilerThread0" daemon [_thread_in_native, id=5012, stack(0x0000000018700000,0x0000000018800000)]
  0x0000000017086800 JavaThread "Attach Listener" daemon [_thread_blocked, id=7136, stack(0x0000000018600000,0x0000000018700000)]
  0x0000000017083000 JavaThread "Signal Dispatcher" daemon [_thread_blocked, id=10584, stack(0x0000000018500000,0x0000000018600000)]
  0x00000000023ac000 JavaThread "Finalizer" daemon [_thread_blocked, id=1064, stack(0x00000000182e0000,0x00000000183e0000)]
  0x000000001706a000 JavaThread "Reference Handler" daemon [_thread_blocked, id=9836, stack(0x00000000181e0000,0x00000000182e0000)]
  0x000000000264e800 JavaThread "main" [_thread_in_Java, id=5608, stack(0x00000000009a0000,0x0000000000aa0000)]

Other Threads:
  0x0000000017047800 VMThread [stack: 0x00000000180e0000,0x00000000181e0000] [id=248]
  0x00000000170bd800 WatcherThread [stack: 0x0000000018f00000,0x0000000019000000] [id=4544]

VM state:not at safepoint (normal execution)

VM Mutex/Monitor currently owned by a thread: None

heap address: 0x0000000081c00000, size: 2020 MB, Compressed Oops mode: 32-bit
Narrow klass base: 0x0000000000000000, Narrow klass shift: 3
Compressed class space size: 1073741824 Address: 0x0000000100000000

Heap:
 PSYoungGen      total 38400K, used 31385K [0x00000000d5f00000, 0x00000000d8980000, 0x0000000100000000)
  eden space 33280K, 94% used [0x00000000d5f00000,0x00000000d7da6598,0x00000000d7f80000)
  from space 5120K, 0% used [0x00000000d8480000,0x00000000d8480000,0x00000000d8980000)
  to   space 5120K, 0% used [0x00000000d7f80000,0x00000000d7f80000,0x00000000d8480000)
 ParOldGen       total 87552K, used 0K [0x0000000081c00000, 0x0000000087180000, 0x00000000d5f00000)
  object space 87552K, 0% used [0x0000000081c00000,0x0000000081c00000,0x0000000087180000)
 Metaspace       used 7936K, capacity 8104K, committed 8192K, reserved 1056768K
  class space    used 979K, capacity 1020K, committed 1024K, reserved 1048576K

Card table byte_map: [0x0000000011a10000,0x0000000011e10000] byte_map_base: 0x0000000011602000

Marking Bits: (ParMarkBitMap*) 0x0000000062c84ce0
 Begin Bits: [0x00000000123c0000, 0x0000000014350000)
 End Bits:   [0x0000000014350000, 0x00000000162e0000)

Polling page: 0x00000000001f0000

CodeCache: size=245760Kb used=2901Kb max_used=2901Kb free=242858Kb
 bounds [0x0000000002650000, 0x0000000002930000, 0x0000000011650000]
 total_blobs=919 nmethods=618 adapters=214
 compilation: enabled

Compilation events (10 events):
Event: 1.128 Thread 0x000000001709d800  585 %     3       org.codehaus.plexus.util.InterpolationFilterReader::read @ 3 (48 bytes)
Event: 1.128 Thread 0x000000001709d800 nmethod 585% 0x00000000028edb90 code [0x00000000028edd20, 0x00000000028ee0e8]
Event: 1.128 Thread 0x000000001709d800  586       3       org.codehaus.plexus.util.InterpolationFilterReader::read (48 bytes)
Event: 1.129 Thread 0x000000001709d800 nmethod 586 0x00000000028ed510 code [0x00000000028ed6a0, 0x00000000028ed9c8]
Event: 1.133 Thread 0x000000001709d800  587       3       java.util.HashMap::isEmpty (13 bytes)
Event: 1.134 Thread 0x000000001709d800 nmethod 587 0x00000000028f9e90 code [0x00000000028f9fe0, 0x00000000028fa190]
Event: 1.136 Thread 0x000000001709d800  588       3       org.codehaus.plexus.util.xml.pull.MXParser::require (443 bytes)
Event: 1.141 Thread 0x000000001709d800 nmethod 588 0x000000000290ce50 code [0x000000000290d600, 0x00000000029126d8]
Event: 1.142 Thread 0x000000001709d800  589       3       java.util.Collections::emptyMap (4 bytes)
Event: 1.142 Thread 0x000000001709d800 nmethod 589 0x00000000028f9b90 code [0x00000000028f9ce0, 0x00000000028f9e10]

GC Heap History (0 events):
No events

Deoptimization events (6 events):
Event: 0.762 Thread 0x000000000264e800 Uncommon trap: reason=unstable_if action=reinterpret pc=0x00000000027d5d00 method=java.lang.String.indexOf([CII[CIII)I @ 3
Event: 0.980 Thread 0x000000000264e800 Uncommon trap: reason=unstable_if action=reinterpret pc=0x00000000028a5d78 method=java.util.HashMap.getNode(ILjava/lang/Object;)Ljava/util/HashMap$Node; @ 129
Event: 0.990 Thread 0x000000000264e800 Uncommon trap: reason=unstable_if action=reinterpret pc=0x0000000002814724 method=org.codehaus.plexus.util.xml.pull.MXParser.more()C @ 8
Event: 1.063 Thread 0x000000000264e800 Uncommon trap: reason=unstable_if action=reinterpret pc=0x00000000028f3d28 method=java.nio.charset.CoderResult.isOverflow()Z @ 5
Event: 1.072 Thread 0x000000000264e800 Uncommon trap: reason=unstable_if action=reinterpret pc=0x00000000028ed008 method=java.io.Reader.read()I @ 12
Event: 1.123 Thread 0x000000000264e800 Uncommon trap: reason=unstable_if action=reinterpret pc=0x0000000002907d34 method=sun.nio.cs.StreamDecoder.implRead([CII)I @ 71

Classes redefined (0 events):
No events

Internal exceptions (9 events):
Event: 0.042 Thread 0x000000000264e800 Exception <a 'java/lang/NoSuchMethodError': Method sun.misc.Unsafe.defineClass(Ljava/lang/String;[BII)Ljava/lang/Class; name or signature does not match> (0x00000000d5f07cb0) thrown at [C:\re\workspace\8-2-build-windows-amd64-cygwin\jdk8u201\12322\hotspot
Event: 0.042 Thread 0x000000000264e800 Exception <a 'java/lang/NoSuchMethodError': Method sun.misc.Unsafe.prefetchRead(Ljava/lang/Object;J)V name or signature does not match> (0x00000000d5f07f98) thrown at [C:\re\workspace\8-2-build-windows-amd64-cygwin\jdk8u201\12322\hotspot\src\share\vm\prim
Event: 0.465 Thread 0x000000000264e800 Exception <a 'java/security/PrivilegedActionException'> (0x00000000d633ab08) thrown at [C:\re\workspace\8-2-build-windows-amd64-cygwin\jdk8u201\12322\hotspot\src\share\vm\prims\jvm.cpp, line 1502]
Event: 0.465 Thread 0x000000000264e800 Exception <a 'java/security/PrivilegedActionException'> (0x00000000d633ad18) thrown at [C:\re\workspace\8-2-build-windows-amd64-cygwin\jdk8u201\12322\hotspot\src\share\vm\prims\jvm.cpp, line 1502]
Event: 0.466 Thread 0x000000000264e800 Exception <a 'java/security/PrivilegedActionException'> (0x00000000d633ee10) thrown at [C:\re\workspace\8-2-build-windows-amd64-cygwin\jdk8u201\12322\hotspot\src\share\vm\prims\jvm.cpp, line 1502]
Event: 0.466 Thread 0x000000000264e800 Exception <a 'java/security/PrivilegedActionException'> (0x00000000d633f020) thrown at [C:\re\workspace\8-2-build-windows-amd64-cygwin\jdk8u201\12322\hotspot\src\share\vm\prims\jvm.cpp, line 1502]
Event: 0.966 Thread 0x000000000264e800 Exception <a 'java/lang/ArrayIndexOutOfBoundsException'> (0x00000000d7244478) thrown at [C:\re\workspace\8-2-build-windows-amd64-cygwin\jdk8u201\12322\hotspot\src\share\vm\runtime\sharedRuntime.cpp, line 605]
Event: 0.969 Thread 0x000000000264e800 Exception <a 'java/lang/ArrayIndexOutOfBoundsException'> (0x00000000d7261578) thrown at [C:\re\workspace\8-2-build-windows-amd64-cygwin\jdk8u201\12322\hotspot\src\share\vm\runtime\sharedRuntime.cpp, line 605]
Event: 0.978 Thread 0x000000000264e800 Exception <a 'java/lang/ArrayIndexOutOfBoundsException'> (0x00000000d72a5338) thrown at [C:\re\workspace\8-2-build-windows-amd64-cygwin\jdk8u201\12322\hotspot\src\share\vm\runtime\sharedRuntime.cpp, line 605]

Events (10 events):
Event: 1.139 loading class org/apache/maven/lifecycle/internal/LifecycleStarter
Event: 1.139 loading class org/apache/maven/lifecycle/internal/LifecycleStarter done
Event: 1.139 loading class org/apache/maven/lifecycle/internal/MojoDescriptorCreator
Event: 1.139 loading class org/apache/maven/lifecycle/internal/MojoDescriptorCreator done
Event: 1.143 loading class org/apache/maven/lifecycle/internal/MojoExecutor
Event: 1.143 loading class org/apache/maven/lifecycle/internal/MojoExecutor done
Event: 1.144 loading class org/apache/maven/model/plugin/LifecycleBindingsInjector
Event: 1.144 loading class org/apache/maven/model/plugin/LifecycleBindingsInjector done
Event: 1.145 loading class org/apache/maven/plugin/BuildPluginManager
Event: 1.145 loading class org/apache/maven/plugin/BuildPluginManager done


Dynamic libraries:
0x00007ff70b4e0000 - 0x00007ff70b517000 	C:\Program Files\Java\jdk1.8.0_201\bin\java.exe
0x00007fff3a4c0000 - 0x00007fff3a6b0000 	C:\Windows\SYSTEM32\ntdll.dll
0x00007fff394e0000 - 0x00007fff39592000 	C:\Windows\System32\KERNEL32.DLL
0x00007fff37d30000 - 0x00007fff37fd3000 	C:\Windows\System32\KERNELBASE.dll
0x00007fff39bb0000 - 0x00007fff39c53000 	C:\Windows\System32\ADVAPI32.dll
0x00007fff39240000 - 0x00007fff392de000 	C:\Windows\System32\msvcrt.dll
0x00007fff392e0000 - 0x00007fff39377000 	C:\Windows\System32\sechost.dll
0x00007fff39a90000 - 0x00007fff39bb0000 	C:\Windows\System32\RPCRT4.dll
0x00007fff388e0000 - 0x00007fff38a73000 	C:\Windows\System32\USER32.dll
0x00007fff37550000 - 0x00007fff37571000 	C:\Windows\System32\win32u.dll
0x00007fff38bf0000 - 0x00007fff38c16000 	C:\Windows\System32\GDI32.dll
0x00007fff383e0000 - 0x00007fff38574000 	C:\Windows\System32\gdi32full.dll
0x00007fff38340000 - 0x00007fff383de000 	C:\Windows\System32\msvcp_win.dll
0x00007fff37450000 - 0x00007fff3754a000 	C:\Windows\System32\ucrtbase.dll
0x00007fff28060000 - 0x00007fff282e5000 	C:\Windows\WinSxS\amd64_microsoft.windows.common-controls_6595b64144ccf1df_6.0.18362.145_none_e6c3ab8b131013d6\COMCTL32.dll
0x00007fff395a0000 - 0x00007fff398d6000 	C:\Windows\System32\combase.dll
0x00007fff38160000 - 0x00007fff381e1000 	C:\Windows\System32\bcryptPrimitives.dll
0x00007fff39200000 - 0x00007fff3922e000 	C:\Windows\System32\IMM32.DLL
0x0000000062d10000 - 0x0000000062de1000 	C:\Program Files\Java\jdk1.8.0_201\jre\bin\msvcr100.dll
0x0000000062460000 - 0x0000000062d04000 	C:\Program Files\Java\jdk1.8.0_201\jre\bin\server\jvm.dll
0x00007fff38580000 - 0x00007fff38588000 	C:\Windows\System32\PSAPI.DLL
0x00007fff2d9b0000 - 0x00007fff2d9b9000 	C:\Windows\SYSTEM32\WSOCK32.dll
0x00007fff34e50000 - 0x00007fff34e74000 	C:\Windows\SYSTEM32\WINMM.dll
0x00007fff2b110000 - 0x00007fff2b11a000 	C:\Windows\SYSTEM32\VERSION.dll
0x00007fff3a410000 - 0x00007fff3a47f000 	C:\Windows\System32\WS2_32.dll
0x00007fff34e20000 - 0x00007fff34e4d000 	C:\Windows\SYSTEM32\WINMMBASE.dll
0x00007fff38110000 - 0x00007fff3815a000 	C:\Windows\System32\cfgmgr32.dll
0x00007fff34a10000 - 0x00007fff34a1f000 	C:\Program Files\Java\jdk1.8.0_201\jre\bin\verify.dll
0x00007fff30390000 - 0x00007fff303b9000 	C:\Program Files\Java\jdk1.8.0_201\jre\bin\java.dll
0x00007fff33a40000 - 0x00007fff33a56000 	C:\Program Files\Java\jdk1.8.0_201\jre\bin\zip.dll
0x00007fff39c60000 - 0x00007fff3a340000 	C:\Windows\System32\SHELL32.dll
0x00007fff399e0000 - 0x00007fff39a89000 	C:\Windows\System32\shcore.dll
0x00007fff37580000 - 0x00007fff37cfb000 	C:\Windows\System32\windows.storage.dll
0x00007fff373e0000 - 0x00007fff373ff000 	C:\Windows\System32\profapi.dll
0x00007fff37400000 - 0x00007fff3744a000 	C:\Windows\System32\powrprof.dll
0x00007fff37390000 - 0x00007fff373a0000 	C:\Windows\System32\UMPDC.dll
0x00007fff38a80000 - 0x00007fff38ad2000 	C:\Windows\System32\shlwapi.dll
0x00007fff373a0000 - 0x00007fff373b1000 	C:\Windows\System32\kernel.appcore.dll
0x00007fff380f0000 - 0x00007fff38107000 	C:\Windows\System32\cryptsp.dll
0x00007fff34a00000 - 0x00007fff34a0a000 	C:\apache-maven-3.6.0\lib\jansi-native\windows64\jansi.dll

VM Arguments:
jvm_args: -Dclassworlds.conf=C:\apache-maven-3.6.0\bin\..\bin\m2.conf -Dmaven.home=C:\apache-maven-3.6.0\bin\.. -Dlibrary.jansi.path=C:\apache-maven-3.6.0\bin\..\lib\jansi-native -Dmaven.multiModuleProjectDirectory=C:\Users\Usuario\Documents\semilleroHBT2019-master\ambiente\semillero-hbt 
java_command: org.codehaus.plexus.classworlds.launcher.Launcher clean install
java_class_path (initial): C:\apache-maven-3.6.0\bin\..\boot\plexus-classworlds-2.5.2.jar
Launcher Type: SUN_STANDARD

Environment Variables:
JAVA_HOME=C:\Program Files\Java\jdk1.8.0_201
CLASSPATH=.
PATH=C:\oraclexe\app\oracle\product\11.2.0\server\bin;;C:\Program Files (x86)\Common Files\Oracle\Java\javapath;C:\Python27\;C:\Python27\Scripts;C:\Windows\system32;C:\Windows;C:\Windows\System32\Wbem;C:\Windows\System32\WindowsPowerShell\v1.0\;C:\Windows\System32\OpenSSH\;C:\Program Files\Java\jdk-13.0.1\bin;C:\Program Files\nodejs\;C:\ProgramData\chocolatey\bin;C:\Program Files\Git\cmd;C:\Users\Usuario\AppData\Local\Microsoft\WindowsApps;C:\Users\Usuario\AppData\Local\Programs\Microsoft VS Code\bin;C:\Program Files\Java\jdk1.8.0_201\bin;C:\Users\Usuario\AppData\Roaming\npm;C:\Program Files\heroku\bin;C:\apache-maven-3.6.0\bin
USERNAME=Usuario
OS=Windows_NT
PROCESSOR_IDENTIFIER=Intel64 Family 6 Model 58 Stepping 9, GenuineIntel



---------------  S Y S T E M  ---------------

OS: Windows 10.0 , 64 bit Build 18362 (10.0.18362.86)

CPU:total 4 (initial active 4) (2 cores per cpu, 2 threads per core) family 6 model 58 stepping 9, cmov, cx8, fxsr, mmx, sse, sse2, sse3, ssse3, sse4.1, sse4.2, popcnt, avx, aes, clmul, erms, ht, tsc, tscinvbit, tscinv

Memory: 4k page, physical 8271100k(1073460k free), swap 8271100k(2796k free)

vm_info: Java HotSpot(TM) 64-Bit Server VM (25.201-b09) for windows-amd64 JRE (1.8.0_201-b09), built on Dec 15 2018 18:36:39 by "java_re" with MS VC++ 10.0 (VS2010)

time: Thu Dec 05 11:00:28 2019
timezone: Hora est. Pacífico, Sudamérica
elapsed time: 1 seconds (0d 0h 0m 1s)

